<?xml version="1.0" encoding="UTF-8"?>
<testsuite name="ru.clevertec.utils.StringUtilsTest" tests="1" skipped="0" failures="0" errors="0" timestamp="2023-02-11T16:12:56" hostname="DESKTOP-7QNCR2I" time="0.081">
  <properties/>
  <testcase name="isPositiveNumber()" classname="ru.clevertec.utils.StringUtilsTest" time="0.081"/>
  <system-out><![CDATA[]]></system-out>
  <system-err><![CDATA[]]></system-err>
</testsuite>
